INFO 2025-11-08 19:32:23,486 autoreload Watching for file changes with StatReloader
INFO 2025-11-08 19:37:17,679 basehttp "GET / HTTP/1.1" 302 0
INFO 2025-11-08 19:37:17,878 basehttp "GET /en/ HTTP/1.1" 200 27191
INFO 2025-11-08 19:37:17,903 basehttp "GET /media/items/03-16-2021_0602pm1dad5a6fbeced889e740.jpg HTTP/1.1" 304 0
INFO 2025-11-08 19:37:17,910 basehttp "GET /media/items/03-16-2021_0623pm354c52896bd582289a72.jpg HTTP/1.1" 304 0
INFO 2025-11-08 19:37:17,916 basehttp "GET /media/items/03-16-2021_0630pm41aede97a5caaa314108.jpg HTTP/1.1" 304 0
INFO 2025-11-08 19:37:17,923 basehttp "GET /media/items/03-16-2021_0636pm97dd579a8c689d1291fb.jpg HTTP/1.1" 304 0
INFO 2025-11-08 19:37:17,929 basehttp "GET /media/items/03-16-2021_0643pmd28bca55ccba05271ddf.jpg HTTP/1.1" 304 0
INFO 2025-11-08 19:37:17,933 basehttp "GET /media/items/03-16-2021_0645pm97fb382a3f962cc17373.jpg HTTP/1.1" 304 0
INFO 2025-11-08 19:37:17,939 basehttp "GET /media/items/03-16-2021_0705pm5b0035c7b4ed14bc47bc.jpg HTTP/1.1" 304 0
INFO 2025-11-08 19:37:17,945 basehttp "GET /media/items/03-16-2021_0708pm5521ebffa35725d86ffa.jpg HTTP/1.1" 304 0
INFO 2025-11-08 19:37:17,950 basehttp "GET /media/items/49207_1.png HTTP/1.1" 304 0
INFO 2025-11-08 19:37:17,955 basehttp "GET /media/items/03-16-2021_0832pm7b546effd7be5726de2d.jpg HTTP/1.1" 304 0
INFO 2025-11-08 19:37:17,959 basehttp "GET /media/items/03-16-2021_0919pma900d881757fa1900199.jpg HTTP/1.1" 304 0
INFO 2025-11-08 19:37:18,000 basehttp "GET /media/items/03-16-2021_0613pm7ca8941cc56b7ee0d6db.jpg HTTP/1.1" 304 0
INFO 2025-11-08 19:37:19,115 basehttp "GET /en/ HTTP/1.1" 200 27191
INFO 2025-11-08 19:37:20,416 basehttp "GET /en/item/217/ HTTP/1.1" 200 22508
INFO 2025-11-08 19:37:20,437 basehttp "GET /media/items/10-25-2025_0946am8afeba194f8674fb4092.jpeg HTTP/1.1" 304 0
INFO 2025-11-08 19:37:20,444 basehttp "GET /media/items/10-25-2025_0953amc0d2f82dcfdd267a061a.jpeg HTTP/1.1" 304 0
INFO 2025-11-08 19:37:20,444 basehttp "GET /media/items/03-16-2021_0602pm1dad5a6fbeced889e740_7qhHL58.jpg HTTP/1.1" 200 358823
INFO 2025-11-08 19:37:20,543 basehttp "GET /media/items/10-25-2025_1002am959c8bb80659a9b48520.jpg HTTP/1.1" 304 0
INFO 2025-11-08 19:37:20,553 basehttp "GET /media/items/10-27-2025_0836am279741d16357492c5239.jpg HTTP/1.1" 304 0
INFO 2025-11-08 19:37:22,936 basehttp "GET / HTTP/1.1" 302 0
INFO 2025-11-08 19:37:22,963 basehttp "GET /en/ HTTP/1.1" 200 27191
INFO 2025-11-08 19:37:25,350 basehttp "GET /en/logout/ HTTP/1.1" 302 0
INFO 2025-11-08 19:37:25,369 basehttp "GET /en/items/ HTTP/1.1" 200 25740
INFO 2025-11-08 19:37:25,391 basehttp "GET /media/items/03-16-2021_0613pm7ca8941cc56b7ee0d6db.jpg HTTP/1.1" 200 115494
INFO 2025-11-08 19:37:25,392 basehttp "GET /media/items/03-16-2021_0630pm41aede97a5caaa314108.jpg HTTP/1.1" 200 288804
INFO 2025-11-08 19:37:25,394 basehttp "GET /media/items/03-16-2021_0602pm1dad5a6fbeced889e740.jpg HTTP/1.1" 200 358823
INFO 2025-11-08 19:37:25,395 basehttp "GET /media/items/03-16-2021_0623pm354c52896bd582289a72.jpg HTTP/1.1" 200 396080
INFO 2025-11-08 19:37:25,404 basehttp "GET /media/items/49207_1.png HTTP/1.1" 200 232603
INFO 2025-11-08 19:37:25,405 basehttp "GET /media/items/03-16-2021_0705pm5b0035c7b4ed14bc47bc.jpg HTTP/1.1" 200 227039
INFO 2025-11-08 19:37:25,406 basehttp "GET /media/items/03-16-2021_0645pm97fb382a3f962cc17373.jpg HTTP/1.1" 200 520401
INFO 2025-11-08 19:37:25,412 basehttp "GET /media/items/03-16-2021_0708pm5521ebffa35725d86ffa.jpg HTTP/1.1" 200 620978
INFO 2025-11-08 19:37:25,414 basehttp "GET /media/items/03-16-2021_0832pm7b546effd7be5726de2d.jpg HTTP/1.1" 200 544270
INFO 2025-11-08 19:37:25,415 basehttp "GET /media/items/03-16-2021_0919pma900d881757fa1900199.jpg HTTP/1.1" 200 389546
INFO 2025-11-08 19:37:25,475 basehttp "GET /media/items/03-16-2021_0636pm97dd579a8c689d1291fb.jpg HTTP/1.1" 200 506300
INFO 2025-11-08 19:37:25,511 basehttp "GET /media/items/03-16-2021_0643pmd28bca55ccba05271ddf.jpg HTTP/1.1" 200 192461
INFO 2025-11-08 19:37:26,086 basehttp "GET /en/register/ HTTP/1.1" 200 9982
INFO 2025-11-08 19:37:27,852 basehttp "GET /en/login/ HTTP/1.1" 200 6359
INFO 2025-11-08 19:37:32,969 basehttp "POST /en/login/ HTTP/1.1" 200 6471
INFO 2025-11-08 19:37:38,937 basehttp "POST /en/login/ HTTP/1.1" 200 6471
INFO 2025-11-08 19:37:45,888 basehttp "POST /en/login/ HTTP/1.1" 200 6471
INFO 2025-11-08 19:37:54,204 basehttp "POST /en/login/ HTTP/1.1" 200 6471
INFO 2025-11-08 19:37:58,495 basehttp "POST /en/login/ HTTP/1.1" 200 6471
INFO 2025-11-08 19:38:00,245 basehttp "GET /en/register/ HTTP/1.1" 200 9982
INFO 2025-11-08 19:38:06,622 basehttp "GET / HTTP/1.1" 302 0
INFO 2025-11-08 19:38:06,647 basehttp "GET /en/ HTTP/1.1" 200 25740
INFO 2025-11-08 19:38:13,406 basehttp "GET /en/item/216/ HTTP/1.1" 200 21082
INFO 2025-11-08 19:38:13,424 basehttp "GET /media/items/03-16-2021_0613pm7ca8941cc56b7ee0d6db_eouowkm.jpg HTTP/1.1" 200 115494
INFO 2025-11-08 19:38:13,428 basehttp "GET /media/items/10-21-2025_0827am8b50e5c7f754614d5193.jpg HTTP/1.1" 304 0
INFO 2025-11-08 19:38:13,431 basehttp "GET /media/items/10-25-2025_1009am054d241913f3922b4bf3.avif HTTP/1.1" 304 0
INFO 2025-11-08 19:38:13,433 basehttp "GET /media/items/10-25-2025_0724pm2eea9a8826578a9eb5b5.jpg HTTP/1.1" 304 0
INFO 2025-11-08 19:38:13,506 basehttp "GET /media/items/05-14-2021_1003pm8535823477af5ecb7906.jpg HTTP/1.1" 304 0
INFO 2025-11-08 19:38:13,542 basehttp "GET /media/items/10-21-2025_0819am00452052a309d594d8c8.jpg HTTP/1.1" 304 0
INFO 2025-11-08 19:38:25,844 basehttp "GET /en/login/ HTTP/1.1" 200 6359
INFO 2025-11-08 19:38:30,816 basehttp "POST /en/login/ HTTP/1.1" 302 0
INFO 2025-11-08 19:38:30,841 basehttp "GET /en/items/ HTTP/1.1" 200 27191
INFO 2025-11-08 19:38:30,868 basehttp "GET /media/items/03-16-2021_0613pm7ca8941cc56b7ee0d6db.jpg HTTP/1.1" 200 115494
INFO 2025-11-08 19:38:30,870 basehttp "GET /media/items/03-16-2021_0623pm354c52896bd582289a72.jpg HTTP/1.1" 200 396080
INFO 2025-11-08 19:38:30,871 basehttp "GET /media/items/03-16-2021_0602pm1dad5a6fbeced889e740.jpg HTTP/1.1" 200 358823
INFO 2025-11-08 19:38:30,882 basehttp "GET /media/items/03-16-2021_0645pm97fb382a3f962cc17373.jpg HTTP/1.1" 200 520401
INFO 2025-11-08 19:38:30,885 basehttp "GET /media/items/03-16-2021_0705pm5b0035c7b4ed14bc47bc.jpg HTTP/1.1" 200 227039
INFO 2025-11-08 19:38:30,888 basehttp "GET /media/items/03-16-2021_0708pm5521ebffa35725d86ffa.jpg HTTP/1.1" 200 620978
INFO 2025-11-08 19:38:30,899 basehttp "GET /media/items/49207_1.png HTTP/1.1" 200 232603
INFO 2025-11-08 19:38:30,900 basehttp "GET /media/items/03-16-2021_0919pma900d881757fa1900199.jpg HTTP/1.1" 200 389546
INFO 2025-11-08 19:38:30,901 basehttp "GET /media/items/03-16-2021_0832pm7b546effd7be5726de2d.jpg HTTP/1.1" 200 544270
INFO 2025-11-08 19:38:30,957 basehttp "GET /media/items/03-16-2021_0630pm41aede97a5caaa314108.jpg HTTP/1.1" 200 288804
INFO 2025-11-08 19:38:30,995 basehttp "GET /media/items/03-16-2021_0636pm97dd579a8c689d1291fb.jpg HTTP/1.1" 200 506300
INFO 2025-11-08 19:38:31,031 basehttp "GET /media/items/03-16-2021_0643pmd28bca55ccba05271ddf.jpg HTTP/1.1" 200 192461
INFO 2025-11-08 19:38:33,939 basehttp "GET /en/create/ HTTP/1.1" 200 10231
INFO 2025-11-08 19:38:37,885 basehttp "GET /en/create/?category=2 HTTP/1.1" 200 12620
INFO 2025-11-08 19:43:56,010 autoreload C:\Users\bqamhiyeh\source\repos\Market_Place\marketplace\models.py changed, reloading.
INFO 2025-11-08 19:43:57,040 autoreload Watching for file changes with StatReloader
INFO 2025-11-08 19:47:25,943 autoreload Watching for file changes with StatReloader
INFO 2025-11-08 19:47:28,169 basehttp "GET /en/create/ HTTP/1.1" 200 11299
INFO 2025-11-08 19:47:31,343 basehttp "GET /en/create/?category=1 HTTP/1.1" 200 14003
INFO 2025-11-08 19:48:07,898 basehttp "POST /en/create/?category=1 HTTP/1.1" 302 0
INFO 2025-11-08 19:48:07,983 basehttp "GET /en/items/ HTTP/1.1" 200 27361
INFO 2025-11-08 19:48:08,018 basehttp "GET /media/items/03-16-2021_0602pm1dad5a6fbeced889e740.jpg HTTP/1.1" 200 358823
INFO 2025-11-08 19:48:08,033 basehttp "GET /media/items/03-16-2021_0630pm41aede97a5caaa314108.jpg HTTP/1.1" 200 288804
INFO 2025-11-08 19:48:08,050 basehttp "GET /media/items/03-16-2021_0636pm97dd579a8c689d1291fb.jpg HTTP/1.1" 200 506300
INFO 2025-11-08 19:48:08,062 basehttp "GET /media/items/03-16-2021_0643pmd28bca55ccba05271ddf.jpg HTTP/1.1" 200 192461
INFO 2025-11-08 19:48:08,082 basehttp "GET /media/items/03-16-2021_0645pm97fb382a3f962cc17373.jpg HTTP/1.1" 200 520401
INFO 2025-11-08 19:48:08,095 basehttp "GET /media/items/03-16-2021_0705pm5b0035c7b4ed14bc47bc.jpg HTTP/1.1" 200 227039
INFO 2025-11-08 19:48:08,108 basehttp "GET /media/items/03-16-2021_0613pm7ca8941cc56b7ee0d6db.jpg HTTP/1.1" 200 115494
INFO 2025-11-08 19:48:08,122 basehttp "GET /media/items/49207_1.png HTTP/1.1" 200 232603
INFO 2025-11-08 19:48:08,132 basehttp "GET /media/items/03-16-2021_0708pm5521ebffa35725d86ffa.jpg HTTP/1.1" 200 620978
INFO 2025-11-08 19:48:08,154 basehttp "GET /media/items/03-16-2021_0832pm7b546effd7be5726de2d.jpg HTTP/1.1" 200 544270
INFO 2025-11-08 19:48:08,159 basehttp "GET /media/items/03-16-2021_0919pma900d881757fa1900199.jpg HTTP/1.1" 200 389546
INFO 2025-11-08 19:48:08,163 basehttp "GET /media/items/03-16-2021_0623pm354c52896bd582289a72.jpg HTTP/1.1" 200 396080
INFO 2025-11-08 19:48:09,380 basehttp "GET /en/notifications/ HTTP/1.1" 200 7892
INFO 2025-11-08 19:48:12,491 basehttp "GET /admin/marketplace/item/218/change/ HTTP/1.1" 200 26422
INFO 2025-11-08 19:48:12,517 basehttp "GET /admin/jsi18n/ HTTP/1.1" 200 3342
INFO 2025-11-08 19:48:12,520 basehttp "GET /media/items/download_1.jpg HTTP/1.1" 200 2653
INFO 2025-11-08 19:48:12,520 basehttp "GET /media/items/download.jpg HTTP/1.1" 200 8443
INFO 2025-11-08 19:48:12,530 basehttp "GET /media/items/images.jpg HTTP/1.1" 200 4657
INFO 2025-11-08 19:48:14,882 basehttp "GET /admin/marketplace/item/218/approve/ HTTP/1.1" 302 0
INFO 2025-11-08 19:48:15,056 basehttp "GET /admin/marketplace/item/ HTTP/1.1" 200 53817
INFO 2025-11-08 19:48:15,077 basehttp "GET /admin/jsi18n/ HTTP/1.1" 200 3342
INFO 2025-11-08 19:48:17,859 basehttp "GET /admin/marketplace/item/218/change/ HTTP/1.1" 200 26176
INFO 2025-11-08 19:48:17,879 basehttp "GET /admin/jsi18n/ HTTP/1.1" 200 3342
INFO 2025-11-08 19:48:17,882 basehttp "GET /media/items/download_1.jpg HTTP/1.1" 304 0
INFO 2025-11-08 19:48:17,882 basehttp "GET /media/items/download.jpg HTTP/1.1" 304 0
INFO 2025-11-08 19:48:17,888 basehttp "GET /media/items/images.jpg HTTP/1.1" 304 0
INFO 2025-11-08 19:48:25,371 basehttp "GET / HTTP/1.1" 302 0
INFO 2025-11-08 19:48:25,463 basehttp "GET /en/ HTTP/1.1" 200 27269
INFO 2025-11-08 19:48:25,493 basehttp "GET /media/items/download_1.jpg HTTP/1.1" 304 0
INFO 2025-11-08 19:48:25,508 basehttp "GET /media/items/03-16-2021_0613pm7ca8941cc56b7ee0d6db.jpg HTTP/1.1" 200 115494
INFO 2025-11-08 19:48:25,511 basehttp "GET /media/items/03-16-2021_0643pmd28bca55ccba05271ddf.jpg HTTP/1.1" 200 192461
INFO 2025-11-08 19:48:25,529 basehttp "GET /media/items/03-16-2021_0602pm1dad5a6fbeced889e740.jpg HTTP/1.1" 200 358823
INFO 2025-11-08 19:48:25,548 basehttp "GET /media/items/03-16-2021_0705pm5b0035c7b4ed14bc47bc.jpg HTTP/1.1" 200 227039
INFO 2025-11-08 19:48:25,568 basehttp "GET /media/items/03-16-2021_0645pm97fb382a3f962cc17373.jpg HTTP/1.1" 200 520401
INFO 2025-11-08 19:48:25,585 basehttp "GET /media/items/49207_1.png HTTP/1.1" 200 232603
INFO 2025-11-08 19:48:25,598 basehttp "GET /media/items/03-16-2021_0708pm5521ebffa35725d86ffa.jpg HTTP/1.1" 200 620978
INFO 2025-11-08 19:48:25,608 basehttp "GET /media/items/03-16-2021_0832pm7b546effd7be5726de2d.jpg HTTP/1.1" 200 544270
INFO 2025-11-08 19:48:25,653 basehttp "GET /media/items/03-16-2021_0623pm354c52896bd582289a72.jpg HTTP/1.1" 200 396080
INFO 2025-11-08 19:48:25,729 basehttp "GET /media/items/03-16-2021_0630pm41aede97a5caaa314108.jpg HTTP/1.1" 200 288804
INFO 2025-11-08 19:48:25,739 basehttp "GET /media/items/03-16-2021_0636pm97dd579a8c689d1291fb.jpg HTTP/1.1" 200 506300
INFO 2025-11-08 19:48:27,528 basehttp "GET /en/notifications/ HTTP/1.1" 200 8492
INFO 2025-11-08 19:48:29,282 basehttp "GET /admin/marketplace/item/218/change/ HTTP/1.1" 200 26176
INFO 2025-11-08 19:48:29,308 basehttp "GET /media/items/download.jpg HTTP/1.1" 304 0
INFO 2025-11-08 19:48:29,313 basehttp "GET /media/items/download_1.jpg HTTP/1.1" 304 0
INFO 2025-11-08 19:48:29,315 basehttp "GET /admin/jsi18n/ HTTP/1.1" 200 3342
INFO 2025-11-08 19:48:29,316 basehttp "GET /media/items/images.jpg HTTP/1.1" 304 0
INFO 2025-11-08 19:48:31,254 basehttp "GET / HTTP/1.1" 302 0
INFO 2025-11-08 19:48:31,320 basehttp "GET /en/ HTTP/1.1" 200 27099
INFO 2025-11-08 19:48:31,342 basehttp "GET /media/items/download_1.jpg HTTP/1.1" 304 0
INFO 2025-11-08 19:48:32,332 basehttp "GET / HTTP/1.1" 302 0
INFO 2025-11-08 19:48:32,394 basehttp "GET /en/ HTTP/1.1" 200 27099
INFO 2025-11-08 19:48:33,572 basehttp "GET /en/item/218/ HTTP/1.1" 200 21107
INFO 2025-11-08 19:48:33,594 basehttp "GET /media/items/download_1.jpg HTTP/1.1" 304 0
INFO 2025-11-08 19:48:33,595 basehttp "GET /media/items/images.jpg HTTP/1.1" 304 0
INFO 2025-11-08 19:48:33,595 basehttp "GET /media/items/download.jpg HTTP/1.1" 304 0
INFO 2025-11-08 19:48:39,754 basehttp "GET / HTTP/1.1" 302 0
INFO 2025-11-08 19:48:39,819 basehttp "GET /en/ HTTP/1.1" 200 27099
INFO 2025-11-08 19:48:39,835 basehttp "GET /media/items/download_1.jpg HTTP/1.1" 304 0
INFO 2025-11-08 19:48:46,377 basehttp "GET /en/create/ HTTP/1.1" 200 11299
INFO 2025-11-08 19:48:49,234 basehttp "GET /en/create/?category=2 HTTP/1.1" 200 14003
INFO 2025-11-08 19:49:04,621 basehttp "POST /en/create/?category=2 HTTP/1.1" 302 0
INFO 2025-11-08 19:49:04,685 basehttp "GET /en/items/ HTTP/1.1" 200 27269
INFO 2025-11-08 19:49:04,715 basehttp "GET /media/items/download_1.jpg HTTP/1.1" 200 2653
INFO 2025-11-08 19:49:04,732 basehttp "GET /media/items/03-16-2021_0613pm7ca8941cc56b7ee0d6db.jpg HTTP/1.1" 200 115494
INFO 2025-11-08 19:49:04,745 basehttp "GET /media/items/03-16-2021_0643pmd28bca55ccba05271ddf.jpg HTTP/1.1" 200 192461
INFO 2025-11-08 19:49:04,756 basehttp "GET /media/items/03-16-2021_0623pm354c52896bd582289a72.jpg HTTP/1.1" 200 396080
INFO 2025-11-08 19:49:04,756 basehttp "GET /media/items/03-16-2021_0630pm41aede97a5caaa314108.jpg HTTP/1.1" 200 288804
INFO 2025-11-08 19:49:04,758 basehttp "GET /media/items/03-16-2021_0602pm1dad5a6fbeced889e740.jpg HTTP/1.1" 200 358823
INFO 2025-11-08 19:49:04,781 basehttp "GET /media/items/03-16-2021_0705pm5b0035c7b4ed14bc47bc.jpg HTTP/1.1" 200 227039
INFO 2025-11-08 19:49:04,782 basehttp "GET /media/items/03-16-2021_0636pm97dd579a8c689d1291fb.jpg HTTP/1.1" 200 506300
INFO 2025-11-08 19:49:04,787 basehttp "GET /media/items/49207_1.png HTTP/1.1" 200 232603
INFO 2025-11-08 19:49:04,798 basehttp "GET /media/items/03-16-2021_0645pm97fb382a3f962cc17373.jpg HTTP/1.1" 200 520401
INFO 2025-11-08 19:49:04,803 basehttp "GET /media/items/03-16-2021_0832pm7b546effd7be5726de2d.jpg HTTP/1.1" 200 544270
INFO 2025-11-08 19:49:04,806 basehttp "GET /media/items/03-16-2021_0708pm5521ebffa35725d86ffa.jpg HTTP/1.1" 200 620978
INFO 2025-11-08 19:49:05,729 basehttp "GET /en/items/ HTTP/1.1" 200 27269
INFO 2025-11-08 19:49:07,019 basehttp "GET /en/notifications/ HTTP/1.1" 200 9704
INFO 2025-11-08 19:49:07,945 basehttp "GET /admin/marketplace/item/219/change/ HTTP/1.1" 200 26420
INFO 2025-11-08 19:49:07,973 basehttp "GET /admin/jsi18n/ HTTP/1.1" 200 3342
INFO 2025-11-08 19:49:07,973 basehttp "GET /media/items/download_1_LZzLFsp.jpg HTTP/1.1" 200 2653
INFO 2025-11-08 19:49:07,975 basehttp "GET /media/items/download_6DzbkoP.jpg HTTP/1.1" 200 8443
INFO 2025-11-08 19:49:07,982 basehttp "GET /media/items/images_Jlv8xOY.jpg HTTP/1.1" 200 4657
INFO 2025-11-08 19:49:10,454 basehttp "GET /admin/marketplace/item/219/approve/ HTTP/1.1" 302 0
INFO 2025-11-08 19:49:10,672 basehttp "GET /admin/marketplace/item/ HTTP/1.1" 200 54723
INFO 2025-11-08 19:49:10,699 basehttp "GET /admin/jsi18n/ HTTP/1.1" 200 3342
INFO 2025-11-08 19:49:12,713 basehttp "GET / HTTP/1.1" 302 0
INFO 2025-11-08 19:49:12,778 basehttp "GET /en/ HTTP/1.1" 200 27154
INFO 2025-11-08 19:49:12,803 basehttp "GET /media/items/download_1_LZzLFsp.jpg HTTP/1.1" 304 0
INFO 2025-11-08 19:49:12,813 basehttp "GET /media/items/download_1.jpg HTTP/1.1" 200 2653
INFO 2025-11-08 19:49:12,822 basehttp "GET /media/items/03-16-2021_0613pm7ca8941cc56b7ee0d6db.jpg HTTP/1.1" 200 115494
INFO 2025-11-08 19:49:12,826 basehttp "GET /media/items/03-16-2021_0630pm41aede97a5caaa314108.jpg HTTP/1.1" 200 288804
INFO 2025-11-08 19:49:12,838 basehttp "GET /media/items/03-16-2021_0623pm354c52896bd582289a72.jpg HTTP/1.1" 200 396080
INFO 2025-11-08 19:49:12,838 basehttp "GET /media/items/03-16-2021_0602pm1dad5a6fbeced889e740.jpg HTTP/1.1" 200 358823
INFO 2025-11-08 19:49:12,859 basehttp "GET /media/items/03-16-2021_0643pmd28bca55ccba05271ddf.jpg HTTP/1.1" 200 192461
INFO 2025-11-08 19:49:12,864 basehttp "GET /media/items/03-16-2021_0636pm97dd579a8c689d1291fb.jpg HTTP/1.1" 200 506300
INFO 2025-11-08 19:49:12,865 basehttp "GET /media/items/03-16-2021_0705pm5b0035c7b4ed14bc47bc.jpg HTTP/1.1" 200 227039
INFO 2025-11-08 19:49:12,870 basehttp "GET /media/items/49207_1.png HTTP/1.1" 200 232603
INFO 2025-11-08 19:49:12,874 basehttp "GET /media/items/03-16-2021_0645pm97fb382a3f962cc17373.jpg HTTP/1.1" 200 520401
INFO 2025-11-08 19:49:12,881 basehttp "GET /media/items/03-16-2021_0708pm5521ebffa35725d86ffa.jpg HTTP/1.1" 200 620978
INFO 2025-11-08 19:51:06,645 autoreload C:\Users\bqamhiyeh\source\repos\Market_Place\marketplace\models.py changed, reloading.
INFO 2025-11-08 19:51:07,640 autoreload Watching for file changes with StatReloader
INFO 2025-11-08 19:51:21,474 autoreload C:\Users\bqamhiyeh\source\repos\Market_Place\marketplace\models.py changed, reloading.
INFO 2025-11-08 19:51:22,531 autoreload Watching for file changes with StatReloader
ERROR 2025-11-08 19:53:37,869 log Internal Server Error: /en/
Traceback (most recent call last):
  File "C:\Users\bqamhiyeh\source\repos\Market_Place\.venv\Lib\site-packages\django\core\handlers\exception.py", line 55, in inner
    response = get_response(request)
               ^^^^^^^^^^^^^^^^^^^^^
  File "C:\Users\bqamhiyeh\source\repos\Market_Place\.venv\Lib\site-packages\django\core\handlers\base.py", line 197, in _get_response
    response = wrapped_callback(request, *callback_args, **callback_kwargs)
               ^^^^^^^^^^^^^^^^^^^^^^^^^^^^^^^^^^^^^^^^^^^^^^^^^^^^^^^^^^^^
  File "C:\Users\bqamhiyeh\source\repos\Market_Place\marketplace\views.py", line 176, in item_list
    return render(request, "item_list.html", context)
           ^^^^^^^^^^^^^^^^^^^^^^^^^^^^^^^^^^^^^^^^^^
  File "C:\Users\bqamhiyeh\source\repos\Market_Place\.venv\Lib\site-packages\django\shortcuts.py", line 25, in render
    content = loader.render_to_string(template_name, context, request, using=using)
              ^^^^^^^^^^^^^^^^^^^^^^^^^^^^^^^^^^^^^^^^^^^^^^^^^^^^^^^^^^^^^^^^^^^^^
  File "C:\Users\bqamhiyeh\source\repos\Market_Place\.venv\Lib\site-packages\django\template\loader.py", line 62, in render_to_string
    return template.render(context, request)
           ^^^^^^^^^^^^^^^^^^^^^^^^^^^^^^^^^
  File "C:\Users\bqamhiyeh\source\repos\Market_Place\.venv\Lib\site-packages\django\template\backends\django.py", line 107, in render
    return self.template.render(context)
           ^^^^^^^^^^^^^^^^^^^^^^^^^^^^^
  File "C:\Users\bqamhiyeh\source\repos\Market_Place\.venv\Lib\site-packages\django\template\base.py", line 171, in render
    return self._render(context)
           ^^^^^^^^^^^^^^^^^^^^^
  File "C:\Users\bqamhiyeh\source\repos\Market_Place\.venv\Lib\site-packages\django\template\base.py", line 163, in _render
    return self.nodelist.render(context)
           ^^^^^^^^^^^^^^^^^^^^^^^^^^^^^
  File "C:\Users\bqamhiyeh\source\repos\Market_Place\.venv\Lib\site-packages\django\template\base.py", line 1016, in render
    return SafeString("".join([node.render_annotated(context) for node in self]))
                               ^^^^^^^^^^^^^^^^^^^^^^^^^^^^^^
  File "C:\Users\bqamhiyeh\source\repos\Market_Place\.venv\Lib\site-packages\django\template\base.py", line 977, in render_annotated
    return self.render(context)
           ^^^^^^^^^^^^^^^^^^^^
  File "C:\Users\bqamhiyeh\source\repos\Market_Place\.venv\Lib\site-packages\django\template\loader_tags.py", line 159, in render
    return compiled_parent._render(context)
           ^^^^^^^^^^^^^^^^^^^^^^^^^^^^^^^^
  File "C:\Users\bqamhiyeh\source\repos\Market_Place\.venv\Lib\site-packages\django\template\base.py", line 163, in _render
    return self.nodelist.render(context)
           ^^^^^^^^^^^^^^^^^^^^^^^^^^^^^
  File "C:\Users\bqamhiyeh\source\repos\Market_Place\.venv\Lib\site-packages\django\template\base.py", line 1016, in render
    return SafeString("".join([node.render_annotated(context) for node in self]))
                               ^^^^^^^^^^^^^^^^^^^^^^^^^^^^^^
  File "C:\Users\bqamhiyeh\source\repos\Market_Place\.venv\Lib\site-packages\django\template\base.py", line 977, in render_annotated
    return self.render(context)
           ^^^^^^^^^^^^^^^^^^^^
  File "C:\Users\bqamhiyeh\source\repos\Market_Place\.venv\Lib\site-packages\django\template\loader_tags.py", line 65, in render
    result = block.nodelist.render(context)
             ^^^^^^^^^^^^^^^^^^^^^^^^^^^^^^
  File "C:\Users\bqamhiyeh\source\repos\Market_Place\.venv\Lib\site-packages\django\template\base.py", line 1016, in render
    return SafeString("".join([node.render_annotated(context) for node in self]))
                               ^^^^^^^^^^^^^^^^^^^^^^^^^^^^^^
  File "C:\Users\bqamhiyeh\source\repos\Market_Place\.venv\Lib\site-packages\django\template\base.py", line 977, in render_annotated
    return self.render(context)
           ^^^^^^^^^^^^^^^^^^^^
  File "C:\Users\bqamhiyeh\source\repos\Market_Place\.venv\Lib\site-packages\django\template\loader_tags.py", line 210, in render
    return template.render(context)
           ^^^^^^^^^^^^^^^^^^^^^^^^
  File "C:\Users\bqamhiyeh\source\repos\Market_Place\.venv\Lib\site-packages\django\template\base.py", line 173, in render
    return self._render(context)
           ^^^^^^^^^^^^^^^^^^^^^
  File "C:\Users\bqamhiyeh\source\repos\Market_Place\.venv\Lib\site-packages\django\template\base.py", line 163, in _render
    return self.nodelist.render(context)
           ^^^^^^^^^^^^^^^^^^^^^^^^^^^^^
  File "C:\Users\bqamhiyeh\source\repos\Market_Place\.venv\Lib\site-packages\django\template\base.py", line 1016, in render
    return SafeString("".join([node.render_annotated(context) for node in self]))
                               ^^^^^^^^^^^^^^^^^^^^^^^^^^^^^^
  File "C:\Users\bqamhiyeh\source\repos\Market_Place\.venv\Lib\site-packages\django\template\base.py", line 977, in render_annotated
    return self.render(context)
           ^^^^^^^^^^^^^^^^^^^^
  File "C:\Users\bqamhiyeh\source\repos\Market_Place\.venv\Lib\site-packages\django\template\defaulttags.py", line 327, in render
    return nodelist.render(context)
           ^^^^^^^^^^^^^^^^^^^^^^^^
  File "C:\Users\bqamhiyeh\source\repos\Market_Place\.venv\Lib\site-packages\django\template\base.py", line 1016, in render
    return SafeString("".join([node.render_annotated(context) for node in self]))
                               ^^^^^^^^^^^^^^^^^^^^^^^^^^^^^^
  File "C:\Users\bqamhiyeh\source\repos\Market_Place\.venv\Lib\site-packages\django\template\base.py", line 977, in render_annotated
    return self.render(context)
           ^^^^^^^^^^^^^^^^^^^^
  File "C:\Users\bqamhiyeh\source\repos\Market_Place\.venv\Lib\site-packages\django\template\defaulttags.py", line 243, in render
    nodelist.append(node.render_annotated(context))
                    ^^^^^^^^^^^^^^^^^^^^^^^^^^^^^^
  File "C:\Users\bqamhiyeh\source\repos\Market_Place\.venv\Lib\site-packages\django\template\base.py", line 977, in render_annotated
    return self.render(context)
           ^^^^^^^^^^^^^^^^^^^^
  File "C:\Users\bqamhiyeh\source\repos\Market_Place\.venv\Lib\site-packages\django\template\loader_tags.py", line 199, in render
    template = context.template.engine.select_template(template_name)
               ^^^^^^^^^^^^^^^^^^^^^^^^^^^^^^^^^^^^^^^^^^^^^^^^^^^^^^
  File "C:\Users\bqamhiyeh\source\repos\Market_Place\.venv\Lib\site-packages\django\template\engine.py", line 208, in select_template
    return self.get_template(template_name)
           ^^^^^^^^^^^^^^^^^^^^^^^^^^^^^^^^
  File "C:\Users\bqamhiyeh\source\repos\Market_Place\.venv\Lib\site-packages\django\template\engine.py", line 177, in get_template
    template, origin = self.find_template(template_name)
                       ^^^^^^^^^^^^^^^^^^^^^^^^^^^^^^^^^
  File "C:\Users\bqamhiyeh\source\repos\Market_Place\.venv\Lib\site-packages\django\template\engine.py", line 159, in find_template
    template = loader.get_template(name, skip=skip)
               ^^^^^^^^^^^^^^^^^^^^^^^^^^^^^^^^^^^^
  File "C:\Users\bqamhiyeh\source\repos\Market_Place\.venv\Lib\site-packages\django\template\loaders\cached.py", line 57, in get_template
    template = super().get_template(template_name, skip)
               ^^^^^^^^^^^^^^^^^^^^^^^^^^^^^^^^^^^^^^^^^
  File "C:\Users\bqamhiyeh\source\repos\Market_Place\.venv\Lib\site-packages\django\template\loaders\base.py", line 28, in get_template
    return Template(
           ^^^^^^^^^
  File "C:\Users\bqamhiyeh\source\repos\Market_Place\.venv\Lib\site-packages\django\template\base.py", line 154, in __init__
    self.nodelist = self.compile_nodelist()
                    ^^^^^^^^^^^^^^^^^^^^^^^
  File "C:\Users\bqamhiyeh\source\repos\Market_Place\.venv\Lib\site-packages\django\template\base.py", line 196, in compile_nodelist
    nodelist = parser.parse()
               ^^^^^^^^^^^^^^
  File "C:\Users\bqamhiyeh\source\repos\Market_Place\.venv\Lib\site-packages\django\template\base.py", line 518, in parse
    raise self.error(token, e)
  File "C:\Users\bqamhiyeh\source\repos\Market_Place\.venv\Lib\site-packages\django\template\base.py", line 516, in parse
    compiled_result = compile_func(self, token)
                      ^^^^^^^^^^^^^^^^^^^^^^^^^
  File "C:\Users\bqamhiyeh\source\repos\Market_Place\.venv\Lib\site-packages\django\template\defaulttags.py", line 1531, in do_with
    extra_context = token_kwargs(remaining_bits, parser, support_legacy=True)
                    ^^^^^^^^^^^^^^^^^^^^^^^^^^^^^^^^^^^^^^^^^^^^^^^^^^^^^^^^^
  File "C:\Users\bqamhiyeh\source\repos\Market_Place\.venv\Lib\site-packages\django\template\base.py", line 1127, in token_kwargs
    kwargs[key] = parser.compile_filter(value)
                  ^^^^^^^^^^^^^^^^^^^^^^^^^^^^
  File "C:\Users\bqamhiyeh\source\repos\Market_Place\.venv\Lib\site-packages\django\template\base.py", line 609, in compile_filter
    return FilterExpression(token, self)
           ^^^^^^^^^^^^^^^^^^^^^^^^^^^^^
  File "C:\Users\bqamhiyeh\source\repos\Market_Place\.venv\Lib\site-packages\django\template\base.py", line 710, in __init__
    raise TemplateSyntaxError(
django.template.exceptions.TemplateSyntaxError: Could not parse the remainder: '(is_main=True).first' from 'item.photos.filter(is_main=True).first'
ERROR 2025-11-08 19:53:37,885 basehttp "GET /en/ HTTP/1.1" 500 312060
ERROR 2025-11-08 19:54:45,486 log Internal Server Error: /en/
Traceback (most recent call last):
  File "C:\Users\bqamhiyeh\source\repos\Market_Place\.venv\Lib\site-packages\django\core\handlers\exception.py", line 55, in inner
    response = get_response(request)
               ^^^^^^^^^^^^^^^^^^^^^
  File "C:\Users\bqamhiyeh\source\repos\Market_Place\.venv\Lib\site-packages\django\core\handlers\base.py", line 197, in _get_response
    response = wrapped_callback(request, *callback_args, **callback_kwargs)
               ^^^^^^^^^^^^^^^^^^^^^^^^^^^^^^^^^^^^^^^^^^^^^^^^^^^^^^^^^^^^
  File "C:\Users\bqamhiyeh\source\repos\Market_Place\marketplace\views.py", line 176, in item_list
    return render(request, "item_list.html", context)
           ^^^^^^^^^^^^^^^^^^^^^^^^^^^^^^^^^^^^^^^^^^
  File "C:\Users\bqamhiyeh\source\repos\Market_Place\.venv\Lib\site-packages\django\shortcuts.py", line 25, in render
    content = loader.render_to_string(template_name, context, request, using=using)
              ^^^^^^^^^^^^^^^^^^^^^^^^^^^^^^^^^^^^^^^^^^^^^^^^^^^^^^^^^^^^^^^^^^^^^
  File "C:\Users\bqamhiyeh\source\repos\Market_Place\.venv\Lib\site-packages\django\template\loader.py", line 62, in render_to_string
    return template.render(context, request)
           ^^^^^^^^^^^^^^^^^^^^^^^^^^^^^^^^^
  File "C:\Users\bqamhiyeh\source\repos\Market_Place\.venv\Lib\site-packages\django\template\backends\django.py", line 107, in render
    return self.template.render(context)
           ^^^^^^^^^^^^^^^^^^^^^^^^^^^^^
  File "C:\Users\bqamhiyeh\source\repos\Market_Place\.venv\Lib\site-packages\django\template\base.py", line 171, in render
    return self._render(context)
           ^^^^^^^^^^^^^^^^^^^^^
  File "C:\Users\bqamhiyeh\source\repos\Market_Place\.venv\Lib\site-packages\django\template\base.py", line 163, in _render
    return self.nodelist.render(context)
           ^^^^^^^^^^^^^^^^^^^^^^^^^^^^^
  File "C:\Users\bqamhiyeh\source\repos\Market_Place\.venv\Lib\site-packages\django\template\base.py", line 1016, in render
    return SafeString("".join([node.render_annotated(context) for node in self]))
                               ^^^^^^^^^^^^^^^^^^^^^^^^^^^^^^
  File "C:\Users\bqamhiyeh\source\repos\Market_Place\.venv\Lib\site-packages\django\template\base.py", line 977, in render_annotated
    return self.render(context)
           ^^^^^^^^^^^^^^^^^^^^
  File "C:\Users\bqamhiyeh\source\repos\Market_Place\.venv\Lib\site-packages\django\template\loader_tags.py", line 159, in render
    return compiled_parent._render(context)
           ^^^^^^^^^^^^^^^^^^^^^^^^^^^^^^^^
  File "C:\Users\bqamhiyeh\source\repos\Market_Place\.venv\Lib\site-packages\django\template\base.py", line 163, in _render
    return self.nodelist.render(context)
           ^^^^^^^^^^^^^^^^^^^^^^^^^^^^^
  File "C:\Users\bqamhiyeh\source\repos\Market_Place\.venv\Lib\site-packages\django\template\base.py", line 1016, in render
    return SafeString("".join([node.render_annotated(context) for node in self]))
                               ^^^^^^^^^^^^^^^^^^^^^^^^^^^^^^
  File "C:\Users\bqamhiyeh\source\repos\Market_Place\.venv\Lib\site-packages\django\template\base.py", line 977, in render_annotated
    return self.render(context)
           ^^^^^^^^^^^^^^^^^^^^
  File "C:\Users\bqamhiyeh\source\repos\Market_Place\.venv\Lib\site-packages\django\template\loader_tags.py", line 65, in render
    result = block.nodelist.render(context)
             ^^^^^^^^^^^^^^^^^^^^^^^^^^^^^^
  File "C:\Users\bqamhiyeh\source\repos\Market_Place\.venv\Lib\site-packages\django\template\base.py", line 1016, in render
    return SafeString("".join([node.render_annotated(context) for node in self]))
                               ^^^^^^^^^^^^^^^^^^^^^^^^^^^^^^
  File "C:\Users\bqamhiyeh\source\repos\Market_Place\.venv\Lib\site-packages\django\template\base.py", line 977, in render_annotated
    return self.render(context)
           ^^^^^^^^^^^^^^^^^^^^
  File "C:\Users\bqamhiyeh\source\repos\Market_Place\.venv\Lib\site-packages\django\template\loader_tags.py", line 210, in render
    return template.render(context)
           ^^^^^^^^^^^^^^^^^^^^^^^^
  File "C:\Users\bqamhiyeh\source\repos\Market_Place\.venv\Lib\site-packages\django\template\base.py", line 173, in render
    return self._render(context)
           ^^^^^^^^^^^^^^^^^^^^^
  File "C:\Users\bqamhiyeh\source\repos\Market_Place\.venv\Lib\site-packages\django\template\base.py", line 163, in _render
    return self.nodelist.render(context)
           ^^^^^^^^^^^^^^^^^^^^^^^^^^^^^
  File "C:\Users\bqamhiyeh\source\repos\Market_Place\.venv\Lib\site-packages\django\template\base.py", line 1016, in render
    return SafeString("".join([node.render_annotated(context) for node in self]))
                               ^^^^^^^^^^^^^^^^^^^^^^^^^^^^^^
  File "C:\Users\bqamhiyeh\source\repos\Market_Place\.venv\Lib\site-packages\django\template\base.py", line 977, in render_annotated
    return self.render(context)
           ^^^^^^^^^^^^^^^^^^^^
  File "C:\Users\bqamhiyeh\source\repos\Market_Place\.venv\Lib\site-packages\django\template\defaulttags.py", line 327, in render
    return nodelist.render(context)
           ^^^^^^^^^^^^^^^^^^^^^^^^
  File "C:\Users\bqamhiyeh\source\repos\Market_Place\.venv\Lib\site-packages\django\template\base.py", line 1016, in render
    return SafeString("".join([node.render_annotated(context) for node in self]))
                               ^^^^^^^^^^^^^^^^^^^^^^^^^^^^^^
  File "C:\Users\bqamhiyeh\source\repos\Market_Place\.venv\Lib\site-packages\django\template\base.py", line 977, in render_annotated
    return self.render(context)
           ^^^^^^^^^^^^^^^^^^^^
  File "C:\Users\bqamhiyeh\source\repos\Market_Place\.venv\Lib\site-packages\django\template\defaulttags.py", line 243, in render
    nodelist.append(node.render_annotated(context))
                    ^^^^^^^^^^^^^^^^^^^^^^^^^^^^^^
  File "C:\Users\bqamhiyeh\source\repos\Market_Place\.venv\Lib\site-packages\django\template\base.py", line 977, in render_annotated
    return self.render(context)
           ^^^^^^^^^^^^^^^^^^^^
  File "C:\Users\bqamhiyeh\source\repos\Market_Place\.venv\Lib\site-packages\django\template\loader_tags.py", line 199, in render
    template = context.template.engine.select_template(template_name)
               ^^^^^^^^^^^^^^^^^^^^^^^^^^^^^^^^^^^^^^^^^^^^^^^^^^^^^^
  File "C:\Users\bqamhiyeh\source\repos\Market_Place\.venv\Lib\site-packages\django\template\engine.py", line 208, in select_template
    return self.get_template(template_name)
           ^^^^^^^^^^^^^^^^^^^^^^^^^^^^^^^^
  File "C:\Users\bqamhiyeh\source\repos\Market_Place\.venv\Lib\site-packages\django\template\engine.py", line 177, in get_template
    template, origin = self.find_template(template_name)
                       ^^^^^^^^^^^^^^^^^^^^^^^^^^^^^^^^^
  File "C:\Users\bqamhiyeh\source\repos\Market_Place\.venv\Lib\site-packages\django\template\engine.py", line 159, in find_template
    template = loader.get_template(name, skip=skip)
               ^^^^^^^^^^^^^^^^^^^^^^^^^^^^^^^^^^^^
  File "C:\Users\bqamhiyeh\source\repos\Market_Place\.venv\Lib\site-packages\django\template\loaders\cached.py", line 57, in get_template
    template = super().get_template(template_name, skip)
               ^^^^^^^^^^^^^^^^^^^^^^^^^^^^^^^^^^^^^^^^^
  File "C:\Users\bqamhiyeh\source\repos\Market_Place\.venv\Lib\site-packages\django\template\loaders\base.py", line 28, in get_template
    return Template(
           ^^^^^^^^^
  File "C:\Users\bqamhiyeh\source\repos\Market_Place\.venv\Lib\site-packages\django\template\base.py", line 154, in __init__
    self.nodelist = self.compile_nodelist()
                    ^^^^^^^^^^^^^^^^^^^^^^^
  File "C:\Users\bqamhiyeh\source\repos\Market_Place\.venv\Lib\site-packages\django\template\base.py", line 196, in compile_nodelist
    nodelist = parser.parse()
               ^^^^^^^^^^^^^^
  File "C:\Users\bqamhiyeh\source\repos\Market_Place\.venv\Lib\site-packages\django\template\base.py", line 518, in parse
    raise self.error(token, e)
  File "C:\Users\bqamhiyeh\source\repos\Market_Place\.venv\Lib\site-packages\django\template\base.py", line 516, in parse
    compiled_result = compile_func(self, token)
                      ^^^^^^^^^^^^^^^^^^^^^^^^^
  File "C:\Users\bqamhiyeh\source\repos\Market_Place\.venv\Lib\site-packages\django\template\defaulttags.py", line 1531, in do_with
    extra_context = token_kwargs(remaining_bits, parser, support_legacy=True)
                    ^^^^^^^^^^^^^^^^^^^^^^^^^^^^^^^^^^^^^^^^^^^^^^^^^^^^^^^^^
  File "C:\Users\bqamhiyeh\source\repos\Market_Place\.venv\Lib\site-packages\django\template\base.py", line 1127, in token_kwargs
    kwargs[key] = parser.compile_filter(value)
                  ^^^^^^^^^^^^^^^^^^^^^^^^^^^^
  File "C:\Users\bqamhiyeh\source\repos\Market_Place\.venv\Lib\site-packages\django\template\base.py", line 609, in compile_filter
    return FilterExpression(token, self)
           ^^^^^^^^^^^^^^^^^^^^^^^^^^^^^
  File "C:\Users\bqamhiyeh\source\repos\Market_Place\.venv\Lib\site-packages\django\template\base.py", line 710, in __init__
    raise TemplateSyntaxError(
django.template.exceptions.TemplateSyntaxError: Could not parse the remainder: '(is_main=True).first' from 'item.photos.filter(is_main=True).first'
ERROR 2025-11-08 19:54:45,491 basehttp "GET /en/ HTTP/1.1" 500 312060
INFO 2025-11-08 19:57:17,393 autoreload Watching for file changes with StatReloader
INFO 2025-11-08 19:57:18,624 basehttp "GET /en/ HTTP/1.1" 200 26303
INFO 2025-11-08 19:57:18,647 basehttp "GET /media/items/download_6DzbkoP.jpg HTTP/1.1" 304 0
INFO 2025-11-08 19:57:18,722 basehttp "GET /media/items/download_1.jpg HTTP/1.1" 304 0
INFO 2025-11-08 19:57:21,445 basehttp "GET /en/item/219/ HTTP/1.1" 200 20842
INFO 2025-11-08 19:57:21,466 basehttp "GET /media/items/download_1_LZzLFsp.jpg HTTP/1.1" 304 0
INFO 2025-11-08 19:57:21,466 basehttp "GET /media/items/images_Jlv8xOY.jpg HTTP/1.1" 304 0
INFO 2025-11-08 19:57:21,469 basehttp "GET /media/items/05-14-2021_0937pmeb1e31ea07ee3df7bae7.jpg HTTP/1.1" 304 0
INFO 2025-11-08 19:57:21,470 basehttp "GET /media/items/01-02-2023_1056am633c94419e1a928afebe.jpg HTTP/1.1" 304 0
INFO 2025-11-08 19:57:21,472 basehttp "GET /media/items/01-16-2023_0132pm59c865fa1e50f4cb7c87.jpg HTTP/1.1" 304 0
INFO 2025-11-08 19:57:21,472 basehttp "GET /media/items/01-16-2023_0208pm6d0b095f8960d19a3230.jpg HTTP/1.1" 304 0
INFO 2025-11-08 19:57:21,474 basehttp "GET /media/items/01-18-2023_0934am8cfa36a930657390c98f.jpg HTTP/1.1" 304 0
INFO 2025-11-08 19:57:21,554 basehttp "GET /media/items/03-16-2021_0919pma900d881757fa1900199.jpg HTTP/1.1" 200 389546
INFO 2025-11-08 19:57:28,047 basehttp "GET / HTTP/1.1" 302 0
INFO 2025-11-08 19:57:28,089 basehttp "GET /en/ HTTP/1.1" 200 26303
INFO 2025-11-08 19:57:29,749 basehttp "GET /en/item/219/ HTTP/1.1" 200 20842
INFO 2025-11-08 19:57:31,690 basehttp "GET /en/item/219/edit/ HTTP/1.1" 200 14321
INFO 2025-11-08 19:58:37,006 autoreload C:\Users\bqamhiyeh\source\repos\Market_Place\marketplace\views.py changed, reloading.
INFO 2025-11-08 19:58:37,968 autoreload Watching for file changes with StatReloader
INFO 2025-11-08 20:00:39,022 autoreload C:\Users\bqamhiyeh\source\repos\Market_Place\marketplace\views.py changed, reloading.
INFO 2025-11-08 20:00:40,181 autoreload Watching for file changes with StatReloader
INFO 2025-11-08 20:01:16,230 basehttp "GET /en/item/219/ HTTP/1.1" 200 20843
INFO 2025-11-08 20:01:16,250 basehttp "GET /media/items/download_1_LZzLFsp.jpg HTTP/1.1" 304 0
INFO 2025-11-08 20:01:16,259 basehttp "GET /media/items/images_Jlv8xOY.jpg HTTP/1.1" 304 0
INFO 2025-11-08 20:01:16,331 basehttp "GET /media/items/download_6DzbkoP.jpg HTTP/1.1" 304 0
INFO 2025-11-08 20:01:17,423 basehttp "GET /en/item/219/edit/ HTTP/1.1" 200 15324
INFO 2025-11-08 20:02:56,048 autoreload Watching for file changes with StatReloader
INFO 2025-11-08 20:02:57,550 basehttp "GET /en/item/219/edit/ HTTP/1.1" 200 15151
INFO 2025-11-08 20:02:57,570 basehttp "GET /media/items/download_1_LZzLFsp.jpg HTTP/1.1" 304 0
INFO 2025-11-08 20:02:57,579 basehttp "GET /media/items/images_Jlv8xOY.jpg HTTP/1.1" 304 0
INFO 2025-11-08 20:02:57,647 basehttp "GET /media/items/download_6DzbkoP.jpg HTTP/1.1" 304 0
INFO 2025-11-08 20:03:08,873 basehttp "GET /en/item/219/ HTTP/1.1" 200 20849
INFO 2025-11-08 20:03:10,223 basehttp "GET / HTTP/1.1" 302 0
INFO 2025-11-08 20:03:10,269 basehttp "GET /en/ HTTP/1.1" 200 26315
INFO 2025-11-08 20:03:10,292 basehttp "GET /media/items/download_1.jpg HTTP/1.1" 304 0
INFO 2025-11-08 20:03:11,143 basehttp "GET /en/item/219/ HTTP/1.1" 200 20849
INFO 2025-11-08 20:03:13,327 basehttp "GET /en/item/219/edit/ HTTP/1.1" 200 15151
INFO 2025-11-08 20:04:29,358 autoreload C:\Users\bqamhiyeh\source\repos\Market_Place\marketplace\views.py changed, reloading.
INFO 2025-11-08 20:04:30,300 autoreload Watching for file changes with StatReloader
INFO 2025-11-08 20:04:43,199 autoreload C:\Users\bqamhiyeh\source\repos\Market_Place\marketplace\views.py changed, reloading.
INFO 2025-11-08 20:04:44,058 autoreload Watching for file changes with StatReloader
INFO 2025-11-08 20:05:12,005 basehttp "GET /en/item/219/edit/ HTTP/1.1" 200 16782
INFO 2025-11-08 20:05:12,029 basehttp "GET /media/items/download_1_LZzLFsp.jpg HTTP/1.1" 304 0
INFO 2025-11-08 20:05:12,129 basehttp "GET /media/items/download_6DzbkoP.jpg HTTP/1.1" 304 0
INFO 2025-11-08 20:05:12,151 basehttp "GET /media/items/images_Jlv8xOY.jpg HTTP/1.1" 304 0
INFO 2025-11-08 20:05:15,882 basehttp "GET /en/item/219/edit/ HTTP/1.1" 200 16782
INFO 2025-11-08 20:06:01,042 basehttp "POST /en/item/219/edit/ HTTP/1.1" 302 0
INFO 2025-11-08 20:06:01,060 basehttp "GET /en/my-items/ HTTP/1.1" 200 18149
INFO 2025-11-08 20:06:01,079 basehttp "GET /media/items/download_1.jpg HTTP/1.1" 304 0
INFO 2025-11-08 20:06:02,823 basehttp "GET /en/my-items/ HTTP/1.1" 200 18149
INFO 2025-11-08 20:06:06,042 basehttp "GET /en/notifications/ HTTP/1.1" 200 10298
INFO 2025-11-08 20:06:08,025 basehttp "GET /admin/marketplace/item/219/change/ HTTP/1.1" 200 26350
INFO 2025-11-08 20:06:08,129 basehttp "GET /admin/jsi18n/ HTTP/1.1" 200 3342
INFO 2025-11-08 20:06:10,960 basehttp "GET /admin/marketplace/item/219/approve/ HTTP/1.1" 302 0
INFO 2025-11-08 20:06:10,999 basehttp "GET /admin/marketplace/item/ HTTP/1.1" 200 54723
INFO 2025-11-08 20:06:11,017 basehttp "GET /admin/jsi18n/ HTTP/1.1" 200 3342
INFO 2025-11-08 20:06:14,572 basehttp "GET / HTTP/1.1" 302 0
INFO 2025-11-08 20:06:14,615 basehttp "GET /en/ HTTP/1.1" 200 26315
INFO 2025-11-08 20:06:15,113 basehttp "GET /en/ HTTP/1.1" 200 26315
INFO 2025-11-08 20:06:17,661 basehttp "GET /en/item/219/ HTTP/1.1" 200 20849
INFO 2025-11-08 20:06:19,956 basehttp "GET /en/item/219/edit/ HTTP/1.1" 200 16782
INFO 2025-11-08 20:06:23,348 basehttp "POST /en/item/219/edit/ HTTP/1.1" 302 0
INFO 2025-11-08 20:06:23,367 basehttp "GET /en/my-items/ HTTP/1.1" 200 18149
INFO 2025-11-08 20:06:24,791 basehttp "GET /en/notifications/ HTTP/1.1" 200 10892
INFO 2025-11-08 20:06:25,756 basehttp "GET /admin/marketplace/item/219/change/ HTTP/1.1" 200 26350
INFO 2025-11-08 20:06:25,777 basehttp "GET /admin/jsi18n/ HTTP/1.1" 200 3342
INFO 2025-11-08 20:06:28,060 basehttp "GET /admin/marketplace/item/219/approve/ HTTP/1.1" 302 0
INFO 2025-11-08 20:06:28,088 basehttp "GET /admin/marketplace/item/ HTTP/1.1" 200 54723
INFO 2025-11-08 20:06:28,104 basehttp "GET /admin/jsi18n/ HTTP/1.1" 200 3342
INFO 2025-11-08 20:06:29,356 basehttp "GET / HTTP/1.1" 302 0
INFO 2025-11-08 20:06:29,400 basehttp "GET /en/ HTTP/1.1" 200 26315
INFO 2025-11-08 20:06:30,152 basehttp "GET /en/ HTTP/1.1" 200 26315
INFO 2025-11-08 20:06:30,667 basehttp "GET /en/ HTTP/1.1" 200 26315
INFO 2025-11-08 20:06:30,849 basehttp "GET /en/ HTTP/1.1" 200 26315
INFO 2025-11-08 20:06:31,004 basehttp "GET /en/ HTTP/1.1" 200 26315
INFO 2025-11-08 20:06:31,144 basehttp "GET /en/ HTTP/1.1" 200 26315
INFO 2025-11-08 20:06:31,287 basehttp "GET /en/ HTTP/1.1" 200 26315
INFO 2025-11-08 20:06:31,493 basehttp "GET /en/ HTTP/1.1" 200 26315
INFO 2025-11-08 20:10:00,098 autoreload C:\Users\bqamhiyeh\source\repos\Market_Place\marketplace\views.py changed, reloading.
INFO 2025-11-08 20:10:01,185 autoreload Watching for file changes with StatReloader
INFO 2025-11-08 20:10:40,344 autoreload C:\Users\bqamhiyeh\source\repos\Market_Place\marketplace\views.py changed, reloading.
INFO 2025-11-08 20:10:41,478 autoreload Watching for file changes with StatReloader
INFO 2025-11-08 20:11:54,796 autoreload C:\Users\bqamhiyeh\source\repos\Market_Place\marketplace\views.py changed, reloading.
INFO 2025-11-08 20:11:55,965 autoreload Watching for file changes with StatReloader
INFO 2025-11-08 20:12:01,134 basehttp "GET /en/ HTTP/1.1" 200 26315
INFO 2025-11-08 20:12:01,150 basehttp "GET /media/items/download_6DzbkoP.jpg HTTP/1.1" 304 0
INFO 2025-11-08 20:12:01,227 basehttp "GET /media/items/download_1.jpg HTTP/1.1" 304 0
INFO 2025-11-08 20:12:02,703 basehttp "GET /en/item/219/ HTTP/1.1" 200 20849
INFO 2025-11-08 20:12:02,722 basehttp "GET /media/items/download_1_LZzLFsp.jpg HTTP/1.1" 304 0
INFO 2025-11-08 20:12:02,722 basehttp "GET /media/items/images_Jlv8xOY.jpg HTTP/1.1" 304 0
INFO 2025-11-08 20:12:05,576 basehttp "GET /en/item/219/edit/ HTTP/1.1" 200 16782
INFO 2025-11-08 20:12:08,578 basehttp "POST /en/item/219/edit/ HTTP/1.1" 302 0
INFO 2025-11-08 20:12:08,595 basehttp "GET /en/my-items/ HTTP/1.1" 200 18149
INFO 2025-11-08 20:12:09,461 basehttp "GET /en/my-items/ HTTP/1.1" 200 18149
INFO 2025-11-08 20:12:10,255 basehttp "GET /en/my-items/ HTTP/1.1" 200 18149
INFO 2025-11-08 20:12:12,680 basehttp "GET /admin/marketplace/item/ HTTP/1.1" 200 54579
INFO 2025-11-08 20:12:12,693 basehttp "GET /admin/jsi18n/ HTTP/1.1" 200 3342
INFO 2025-11-08 20:12:13,705 basehttp "GET /admin/marketplace/item/219/change/ HTTP/1.1" 200 26350
INFO 2025-11-08 20:12:13,717 basehttp "GET /admin/jsi18n/ HTTP/1.1" 200 3342
INFO 2025-11-08 20:12:15,619 basehttp "GET /admin/marketplace/item/219/approve/ HTTP/1.1" 302 0
INFO 2025-11-08 20:12:15,645 basehttp "GET /admin/marketplace/item/ HTTP/1.1" 200 54723
INFO 2025-11-08 20:12:15,666 basehttp "GET /admin/jsi18n/ HTTP/1.1" 200 3342
INFO 2025-11-08 20:12:17,063 basehttp "GET /en/my-items/ HTTP/1.1" 200 18129
INFO 2025-11-08 20:12:19,741 basehttp "GET / HTTP/1.1" 302 0
INFO 2025-11-08 20:12:19,779 basehttp "GET /en/ HTTP/1.1" 200 26315
INFO 2025-11-08 20:12:20,598 basehttp "GET /en/ HTTP/1.1" 200 26315
INFO 2025-11-08 20:12:21,193 basehttp "GET /en/ HTTP/1.1" 200 26315
INFO 2025-11-08 20:12:21,366 basehttp "GET /en/ HTTP/1.1" 200 26315
INFO 2025-11-08 20:12:21,508 basehttp "GET /en/ HTTP/1.1" 200 26315
INFO 2025-11-08 20:12:21,645 basehttp "GET /en/ HTTP/1.1" 200 26315
INFO 2025-11-08 20:12:21,751 basehttp "GET /en/ HTTP/1.1" 200 26315
INFO 2025-11-08 20:12:22,055 basehttp "GET /en/ HTTP/1.1" 200 26315
INFO 2025-11-08 20:13:54,914 autoreload C:\Users\bqamhiyeh\source\repos\Market_Place\marketplace\views.py changed, reloading.
INFO 2025-11-08 20:13:55,931 autoreload Watching for file changes with StatReloader
INFO 2025-11-08 20:13:56,859 basehttp "GET /en/ HTTP/1.1" 200 26315
INFO 2025-11-08 20:13:57,645 basehttp "GET /en/item/219/ HTTP/1.1" 200 20849
INFO 2025-11-08 20:14:00,003 basehttp "GET /en/item/219/edit/ HTTP/1.1" 200 16782
INFO 2025-11-08 20:14:02,802 basehttp "POST /en/item/219/edit/ HTTP/1.1" 302 0
INFO 2025-11-08 20:14:02,819 basehttp "GET /en/my-items/ HTTP/1.1" 200 18149
INFO 2025-11-08 20:14:03,745 basehttp "GET /en/my-items/ HTTP/1.1" 200 18149
INFO 2025-11-08 20:14:05,753 basehttp "GET /admin/marketplace/item/ HTTP/1.1" 200 54579
INFO 2025-11-08 20:14:05,777 basehttp "GET /admin/jsi18n/ HTTP/1.1" 200 3342
INFO 2025-11-08 20:14:06,960 basehttp "GET /admin/marketplace/item/219/change/ HTTP/1.1" 200 26350
INFO 2025-11-08 20:14:06,979 basehttp "GET /admin/jsi18n/ HTTP/1.1" 200 3342
INFO 2025-11-08 20:14:08,392 basehttp "GET /admin/marketplace/item/219/approve/ HTTP/1.1" 302 0
INFO 2025-11-08 20:14:08,505 basehttp "GET /admin/marketplace/item/ HTTP/1.1" 200 54723
INFO 2025-11-08 20:14:08,529 basehttp "GET /admin/jsi18n/ HTTP/1.1" 200 3342
INFO 2025-11-08 20:14:09,453 basehttp "GET /en/my-items/ HTTP/1.1" 200 18129
INFO 2025-11-08 20:14:10,151 basehttp "GET /en/my-items/ HTTP/1.1" 200 18129
INFO 2025-11-08 20:14:10,378 basehttp "GET /en/my-items/ HTTP/1.1" 200 18129
INFO 2025-11-08 20:14:10,534 basehttp "GET /en/my-items/ HTTP/1.1" 200 18129
INFO 2025-11-08 20:14:11,857 basehttp "GET / HTTP/1.1" 302 0
INFO 2025-11-08 20:14:11,960 basehttp "GET /en/ HTTP/1.1" 200 26315
INFO 2025-11-08 20:14:12,812 basehttp "GET /en/ HTTP/1.1" 200 26315
INFO 2025-11-08 20:15:26,946 autoreload C:\Users\bqamhiyeh\source\repos\Market_Place\marketplace\views.py changed, reloading.
INFO 2025-11-08 20:15:27,908 autoreload Watching for file changes with StatReloader
INFO 2025-11-08 20:15:28,898 basehttp "GET /en/ HTTP/1.1" 200 26315
INFO 2025-11-08 20:15:28,928 basehttp "GET /media/items/download_6DzbkoP.jpg HTTP/1.1" 304 0
INFO 2025-11-08 20:15:29,014 basehttp "GET /media/items/download_1.jpg HTTP/1.1" 304 0
INFO 2025-11-08 20:15:29,774 basehttp "GET /en/item/219/ HTTP/1.1" 200 20849
INFO 2025-11-08 20:15:29,810 basehttp "GET /media/items/images_Jlv8xOY.jpg HTTP/1.1" 304 0
INFO 2025-11-08 20:15:29,811 basehttp "GET /media/items/download_1_LZzLFsp.jpg HTTP/1.1" 304 0
INFO 2025-11-08 20:15:31,769 basehttp "GET /en/item/219/edit/ HTTP/1.1" 200 16782
INFO 2025-11-08 20:15:35,381 basehttp "POST /en/item/219/edit/ HTTP/1.1" 302 0
INFO 2025-11-08 20:15:35,432 basehttp "GET /en/my-items/ HTTP/1.1" 200 18149
INFO 2025-11-08 20:15:39,401 basehttp "GET /admin/marketplace/item/ HTTP/1.1" 200 54579
INFO 2025-11-08 20:15:39,423 basehttp "GET /admin/jsi18n/ HTTP/1.1" 200 3342
INFO 2025-11-08 20:15:40,510 basehttp "GET /admin/marketplace/item/219/change/ HTTP/1.1" 200 26350
INFO 2025-11-08 20:15:40,530 basehttp "GET /admin/jsi18n/ HTTP/1.1" 200 3342
INFO 2025-11-08 20:15:45,034 basehttp "GET /admin/marketplace/item/219/approve/ HTTP/1.1" 302 0
INFO 2025-11-08 20:15:45,144 basehttp "GET /admin/marketplace/item/ HTTP/1.1" 200 54723
INFO 2025-11-08 20:15:45,165 basehttp "GET /admin/jsi18n/ HTTP/1.1" 200 3342
INFO 2025-11-08 20:15:48,851 basehttp "GET / HTTP/1.1" 302 0
INFO 2025-11-08 20:15:48,961 basehttp "GET /en/ HTTP/1.1" 200 26315
INFO 2025-11-08 20:15:49,399 basehttp "GET /en/ HTTP/1.1" 200 26315
INFO 2025-11-08 20:15:50,115 basehttp "GET /en/ HTTP/1.1" 200 26315
INFO 2025-11-08 20:15:50,272 basehttp "GET /en/ HTTP/1.1" 200 26315
INFO 2025-11-08 20:15:50,416 basehttp "GET /en/ HTTP/1.1" 200 26315
INFO 2025-11-08 20:15:50,545 basehttp "GET /en/ HTTP/1.1" 200 26315
INFO 2025-11-08 20:15:50,662 basehttp "GET /en/ HTTP/1.1" 200 26315
INFO 2025-11-08 20:16:03,738 basehttp "GET /en/create/ HTTP/1.1" 200 11469
INFO 2025-11-08 20:16:05,762 basehttp "GET /en/create/?category=2 HTTP/1.1" 200 14173
INFO 2025-11-08 20:16:18,797 basehttp "POST /en/create/?category=2 HTTP/1.1" 200 14189
INFO 2025-11-08 20:16:28,263 basehttp "POST /en/create/?category=2 HTTP/1.1" 200 14189
INFO 2025-11-08 20:16:37,424 basehttp "POST /en/create/?category=2 HTTP/1.1" 302 0
INFO 2025-11-08 20:16:37,531 basehttp "GET /en/items/ HTTP/1.1" 200 26315
INFO 2025-11-08 20:16:37,556 basehttp "GET /media/items/download_1.jpg HTTP/1.1" 200 2653
INFO 2025-11-08 20:16:37,559 basehttp "GET /media/items/download_6DzbkoP.jpg HTTP/1.1" 200 8443
INFO 2025-11-08 20:16:37,573 basehttp "GET /media/items/03-16-2021_0613pm7ca8941cc56b7ee0d6db.jpg HTTP/1.1" 200 115494
INFO 2025-11-08 20:16:37,582 basehttp "GET /media/items/03-16-2021_0602pm1dad5a6fbeced889e740.jpg HTTP/1.1" 200 358823
INFO 2025-11-08 20:16:37,595 basehttp "GET /media/items/03-16-2021_0623pm354c52896bd582289a72.jpg HTTP/1.1" 200 396080
INFO 2025-11-08 20:16:37,595 basehttp "GET /media/items/03-16-2021_0630pm41aede97a5caaa314108.jpg HTTP/1.1" 200 288804
INFO 2025-11-08 20:16:37,608 basehttp "GET /media/items/03-16-2021_0643pmd28bca55ccba05271ddf.jpg HTTP/1.1" 200 192461
INFO 2025-11-08 20:16:37,620 basehttp "GET /media/items/03-16-2021_0636pm97dd579a8c689d1291fb.jpg HTTP/1.1" 200 506300
INFO 2025-11-08 20:16:37,634 basehttp "GET /media/items/03-16-2021_0705pm5b0035c7b4ed14bc47bc.jpg HTTP/1.1" 200 227039
INFO 2025-11-08 20:16:37,639 basehttp "GET /media/items/03-16-2021_0645pm97fb382a3f962cc17373.jpg HTTP/1.1" 200 520401
INFO 2025-11-08 20:16:37,654 basehttp "GET /media/items/49207_1.png HTTP/1.1" 200 232603
INFO 2025-11-08 20:16:37,662 basehttp "GET /media/items/03-16-2021_0708pm5521ebffa35725d86ffa.jpg HTTP/1.1" 200 620978
INFO 2025-11-08 20:16:39,852 basehttp "GET /admin/marketplace/item/ HTTP/1.1" 200 55629
INFO 2025-11-08 20:16:39,873 basehttp "GET /admin/jsi18n/ HTTP/1.1" 200 3342
INFO 2025-11-08 20:16:40,753 basehttp "GET /admin/marketplace/item/220/change/ HTTP/1.1" 200 26279
INFO 2025-11-08 20:16:40,779 basehttp "GET /admin/jsi18n/ HTTP/1.1" 200 3342
INFO 2025-11-08 20:16:40,779 basehttp "GET /media/items/download_1_Z1IMDmh.jpg HTTP/1.1" 200 2653
INFO 2025-11-08 20:16:40,790 basehttp "GET /media/items/images_Ytvgfm9.jpg HTTP/1.1" 200 4657
INFO 2025-11-08 20:16:40,875 basehttp "GET /media/items/download_PizdJHz.jpg HTTP/1.1" 200 8443
INFO 2025-11-08 20:16:42,330 basehttp "GET /admin/marketplace/item/220/approve/ HTTP/1.1" 302 0
INFO 2025-11-08 20:16:42,476 basehttp "GET /admin/marketplace/item/ HTTP/1.1" 200 55633
INFO 2025-11-08 20:16:42,502 basehttp "GET /admin/jsi18n/ HTTP/1.1" 200 3342
INFO 2025-11-08 20:16:44,443 basehttp "GET /en/items/ HTTP/1.1" 200 26217
INFO 2025-11-08 20:16:44,472 basehttp "GET /media/items/images_Ytvgfm9.jpg HTTP/1.1" 304 0
INFO 2025-11-08 20:16:44,473 basehttp "GET /media/items/download_6DzbkoP.jpg HTTP/1.1" 200 8443
INFO 2025-11-08 20:16:44,473 basehttp "GET /media/items/download_1.jpg HTTP/1.1" 200 2653
INFO 2025-11-08 20:16:44,494 basehttp "GET /media/items/03-16-2021_0643pmd28bca55ccba05271ddf.jpg HTTP/1.1" 200 192461
INFO 2025-11-08 20:16:44,505 basehttp "GET /media/items/03-16-2021_0630pm41aede97a5caaa314108.jpg HTTP/1.1" 200 288804
INFO 2025-11-08 20:16:44,513 basehttp "GET /media/items/03-16-2021_0636pm97dd579a8c689d1291fb.jpg HTTP/1.1" 200 506300
INFO 2025-11-08 20:16:44,524 basehttp "GET /media/items/03-16-2021_0705pm5b0035c7b4ed14bc47bc.jpg HTTP/1.1" 200 227039
INFO 2025-11-08 20:16:44,528 basehttp "GET /media/items/03-16-2021_0645pm97fb382a3f962cc17373.jpg HTTP/1.1" 200 520401
INFO 2025-11-08 20:16:44,541 basehttp "GET /media/items/03-16-2021_0708pm5521ebffa35725d86ffa.jpg HTTP/1.1" 200 620978
INFO 2025-11-08 20:16:44,578 basehttp "GET /media/items/03-16-2021_0602pm1dad5a6fbeced889e740.jpg HTTP/1.1" 200 358823
INFO 2025-11-08 20:16:44,608 basehttp "GET /media/items/03-16-2021_0623pm354c52896bd582289a72.jpg HTTP/1.1" 200 396080
INFO 2025-11-08 20:16:44,637 basehttp "GET /media/items/03-16-2021_0613pm7ca8941cc56b7ee0d6db.jpg HTTP/1.1" 200 115494
INFO 2025-11-08 20:16:46,701 basehttp "GET /en/item/220/ HTTP/1.1" 200 16456
INFO 2025-11-08 20:16:46,720 basehttp "GET /media/items/images_Ytvgfm9.jpg HTTP/1.1" 304 0
INFO 2025-11-08 20:16:46,721 basehttp "GET /media/items/download_PizdJHz.jpg HTTP/1.1" 304 0
INFO 2025-11-08 20:16:46,722 basehttp "GET /media/items/download_1_Z1IMDmh.jpg HTTP/1.1" 304 0
INFO 2025-11-08 20:16:48,294 basehttp "GET /en/item/220/edit/ HTTP/1.1" 200 16784
INFO 2025-11-08 20:16:48,317 basehttp "GET /media/items/images_Ytvgfm9.jpg HTTP/1.1" 304 0
INFO 2025-11-08 20:16:48,318 basehttp "GET /media/items/download_1_Z1IMDmh.jpg HTTP/1.1" 304 0
INFO 2025-11-08 20:16:48,318 basehttp "GET /media/items/download_PizdJHz.jpg HTTP/1.1" 304 0
INFO 2025-11-08 20:16:50,964 basehttp "POST /en/item/220/edit/ HTTP/1.1" 302 0
INFO 2025-11-08 20:16:51,007 basehttp "GET /en/my-items/ HTTP/1.1" 200 18072
INFO 2025-11-08 20:16:51,027 basehttp "GET /media/items/download_1_Z1IMDmh.jpg HTTP/1.1" 304 0
INFO 2025-11-08 20:16:53,783 basehttp "GET /admin/marketplace/item/ HTTP/1.1" 200 55489
INFO 2025-11-08 20:16:53,800 basehttp "GET /admin/jsi18n/ HTTP/1.1" 200 3342
INFO 2025-11-08 20:16:54,731 basehttp "GET /admin/marketplace/item/220/change/ HTTP/1.1" 200 26358
INFO 2025-11-08 20:16:54,753 basehttp "GET /media/items/download_PizdJHz.jpg HTTP/1.1" 304 0
INFO 2025-11-08 20:16:54,753 basehttp "GET /admin/jsi18n/ HTTP/1.1" 200 3342
INFO 2025-11-08 20:16:54,753 basehttp "GET /media/items/download_1_Z1IMDmh.jpg HTTP/1.1" 304 0
INFO 2025-11-08 20:16:54,758 basehttp "GET /media/items/images_Ytvgfm9.jpg HTTP/1.1" 304 0
INFO 2025-11-08 20:16:56,355 basehttp "GET /admin/marketplace/item/220/approve/ HTTP/1.1" 302 0
INFO 2025-11-08 20:16:56,477 basehttp "GET /admin/marketplace/item/ HTTP/1.1" 200 55633
INFO 2025-11-08 20:16:56,499 basehttp "GET /admin/jsi18n/ HTTP/1.1" 200 3342
INFO 2025-11-08 20:17:01,286 basehttp "GET / HTTP/1.1" 302 0
INFO 2025-11-08 20:17:01,396 basehttp "GET /en/ HTTP/1.1" 200 26217
INFO 2025-11-08 20:17:01,414 basehttp "GET /media/items/images_Ytvgfm9.jpg HTTP/1.1" 304 0
INFO 2025-11-08 20:17:01,609 basehttp "GET /en/ HTTP/1.1" 200 26217
INFO 2025-11-08 20:17:02,146 basehttp "GET /en/ HTTP/1.1" 200 26217
INFO 2025-11-08 20:17:02,312 basehttp "GET /en/ HTTP/1.1" 200 26217
INFO 2025-11-08 20:17:02,468 basehttp "GET /en/ HTTP/1.1" 200 26217
INFO 2025-11-08 20:17:02,773 basehttp "GET /en/ HTTP/1.1" 200 26217
INFO 2025-11-08 20:17:02,942 basehttp "GET /en/ HTTP/1.1" 200 26217
INFO 2025-11-08 20:19:14,006 basehttp "GET /en/ HTTP/1.1" 200 26217
INFO 2025-11-08 20:19:14,022 basehttp "GET /media/items/images_Ytvgfm9.jpg HTTP/1.1" 304 0
INFO 2025-11-08 20:19:14,804 basehttp "GET /en/item/220/ HTTP/1.1" 200 16456
INFO 2025-11-08 20:19:14,821 basehttp "GET /media/items/download_1_Z1IMDmh.jpg HTTP/1.1" 304 0
INFO 2025-11-08 20:19:14,821 basehttp "GET /media/items/download_PizdJHz.jpg HTTP/1.1" 304 0
INFO 2025-11-08 20:19:18,141 basehttp "GET /en/item/220/edit/ HTTP/1.1" 200 15408
INFO 2025-11-08 20:19:21,174 basehttp "POST /en/item/220/edit/ HTTP/1.1" 302 0
INFO 2025-11-08 20:19:21,189 basehttp "GET /en/my-items/ HTTP/1.1" 200 18072
INFO 2025-11-08 20:19:21,205 basehttp "GET /media/items/download_1_LZzLFsp.jpg HTTP/1.1" 304 0
INFO 2025-11-08 20:19:23,515 basehttp "GET /admin/marketplace/item/ HTTP/1.1" 200 55489
INFO 2025-11-08 20:19:23,529 basehttp "GET /admin/jsi18n/ HTTP/1.1" 200 3342
INFO 2025-11-08 20:19:24,412 basehttp "GET /admin/marketplace/item/220/change/ HTTP/1.1" 200 26358
INFO 2025-11-08 20:19:24,432 basehttp "GET /admin/jsi18n/ HTTP/1.1" 200 3342
INFO 2025-11-08 20:19:27,227 basehttp "GET /admin/marketplace/item/220/approve/ HTTP/1.1" 302 0
INFO 2025-11-08 20:19:27,253 basehttp "GET /admin/marketplace/item/ HTTP/1.1" 200 55633
INFO 2025-11-08 20:19:27,271 basehttp "GET /admin/jsi18n/ HTTP/1.1" 200 3342
INFO 2025-11-08 20:19:32,111 basehttp "GET / HTTP/1.1" 302 0
INFO 2025-11-08 20:19:32,154 basehttp "GET /en/ HTTP/1.1" 200 26217
INFO 2025-11-08 20:19:32,171 basehttp "GET /media/items/download_6DzbkoP.jpg HTTP/1.1" 304 0
INFO 2025-11-08 20:19:32,171 basehttp "GET /media/items/images_Ytvgfm9.jpg HTTP/1.1" 304 0
INFO 2025-11-08 20:19:32,510 basehttp "GET /en/ HTTP/1.1" 200 26217
INFO 2025-11-08 20:19:33,137 basehttp "GET /en/ HTTP/1.1" 200 26217
INFO 2025-11-08 20:19:33,306 basehttp "GET /en/ HTTP/1.1" 200 26217
INFO 2025-11-08 20:19:33,455 basehttp "GET /en/ HTTP/1.1" 200 26217
INFO 2025-11-08 20:19:33,573 basehttp "GET /en/ HTTP/1.1" 200 26217
INFO 2025-11-08 20:19:33,701 basehttp "GET /en/ HTTP/1.1" 200 26217
INFO 2025-11-08 20:19:33,836 basehttp "GET /en/ HTTP/1.1" 200 26217
INFO 2025-11-08 20:19:33,981 basehttp "GET /en/ HTTP/1.1" 200 26217
INFO 2025-11-08 20:19:34,979 basehttp "GET /en/item/220/ HTTP/1.1" 200 16456
INFO 2025-11-08 20:19:34,995 basehttp "GET /media/items/download_PizdJHz.jpg HTTP/1.1" 304 0
INFO 2025-11-08 20:19:34,995 basehttp "GET /media/items/download_1_Z1IMDmh.jpg HTTP/1.1" 304 0
INFO 2025-11-08 20:19:37,573 basehttp "GET /en/item/220/edit/ HTTP/1.1" 200 15408
INFO 2025-11-08 20:19:41,034 basehttp "POST /en/item/220/edit/ HTTP/1.1" 302 0
INFO 2025-11-08 20:19:41,049 basehttp "GET /en/my-items/ HTTP/1.1" 200 18072
INFO 2025-11-08 20:19:41,064 basehttp "GET /media/items/download_1.jpg HTTP/1.1" 304 0
INFO 2025-11-08 20:19:44,161 basehttp "GET /admin/marketplace/item/ HTTP/1.1" 200 55489
INFO 2025-11-08 20:19:44,177 basehttp "GET /admin/jsi18n/ HTTP/1.1" 200 3342
INFO 2025-11-08 20:19:44,958 basehttp "GET /admin/marketplace/item/220/change/ HTTP/1.1" 200 26358
INFO 2025-11-08 20:19:44,975 basehttp "GET /admin/jsi18n/ HTTP/1.1" 200 3342
INFO 2025-11-08 20:19:46,798 basehttp "GET /admin/marketplace/item/220/approve/ HTTP/1.1" 302 0
INFO 2025-11-08 20:19:46,823 basehttp "GET /admin/marketplace/item/ HTTP/1.1" 200 55633
INFO 2025-11-08 20:19:46,842 basehttp "GET /admin/jsi18n/ HTTP/1.1" 200 3342
INFO 2025-11-08 20:19:50,082 basehttp "GET / HTTP/1.1" 302 0
INFO 2025-11-08 20:19:50,123 basehttp "GET /en/ HTTP/1.1" 200 26218
INFO 2025-11-08 20:19:50,140 basehttp "GET /media/items/images_Ytvgfm9.jpg HTTP/1.1" 304 0
INFO 2025-11-08 20:19:50,600 basehttp "GET /en/ HTTP/1.1" 200 26218
INFO 2025-11-08 20:19:51,240 basehttp "GET /en/ HTTP/1.1" 200 26218
INFO 2025-11-08 20:19:51,414 basehttp "GET /en/ HTTP/1.1" 200 26218
INFO 2025-11-08 20:19:51,670 basehttp "GET /en/ HTTP/1.1" 200 26218
INFO 2025-11-08 20:19:51,841 basehttp "GET /en/ HTTP/1.1" 200 26218
INFO 2025-11-08 20:19:51,983 basehttp "GET /en/ HTTP/1.1" 200 26218
INFO 2025-11-08 20:19:52,775 basehttp "GET /en/item/220/ HTTP/1.1" 200 16457
INFO 2025-11-08 20:19:52,794 basehttp "GET /media/items/download_1_Z1IMDmh.jpg HTTP/1.1" 304 0
INFO 2025-11-08 20:19:52,795 basehttp "GET /media/items/download_PizdJHz.jpg HTTP/1.1" 304 0
INFO 2025-11-08 20:19:54,899 basehttp "GET /en/item/220/edit/ HTTP/1.1" 200 15409
INFO 2025-11-08 20:19:57,841 basehttp "POST /en/item/220/edit/ HTTP/1.1" 302 0
INFO 2025-11-08 20:19:57,856 basehttp "GET /en/my-items/ HTTP/1.1" 200 18073
INFO 2025-11-08 20:19:59,269 basehttp "GET / HTTP/1.1" 302 0
INFO 2025-11-08 20:19:59,313 basehttp "GET /en/ HTTP/1.1" 200 26316
INFO 2025-11-08 20:19:59,340 basehttp "GET /media/items/49207_1.png HTTP/1.1" 200 232603
INFO 2025-11-08 20:20:02,948 basehttp "GET / HTTP/1.1" 302 0
INFO 2025-11-08 20:20:02,994 basehttp "GET /en/ HTTP/1.1" 200 26316
INFO 2025-11-08 20:20:03,894 basehttp "GET /en/ HTTP/1.1" 200 26316
INFO 2025-11-08 20:20:03,990 basehttp "GET /en/ HTTP/1.1" 200 26316
INFO 2025-11-08 20:20:04,135 basehttp "GET /en/ HTTP/1.1" 200 26316
INFO 2025-11-08 20:20:04,275 basehttp "GET /en/ HTTP/1.1" 200 26316
INFO 2025-11-08 20:35:12,512 autoreload C:\Users\bqamhiyeh\source\repos\Market_Place\marketplace\views.py changed, reloading.
INFO 2025-11-08 20:35:13,446 autoreload Watching for file changes with StatReloader
INFO 2025-11-08 20:38:11,633 basehttp "GET /en/ HTTP/1.1" 200 26316
INFO 2025-11-08 20:38:11,652 basehttp "GET /media/items/download_6DzbkoP.jpg HTTP/1.1" 304 0
INFO 2025-11-08 20:38:11,758 basehttp "GET /media/items/download_1.jpg HTTP/1.1" 304 0
INFO 2025-11-08 20:38:12,341 basehttp "GET /en/item/219/ HTTP/1.1" 200 20850
INFO 2025-11-08 20:38:12,368 basehttp "GET /media/items/images_Jlv8xOY.jpg HTTP/1.1" 304 0
INFO 2025-11-08 20:38:12,370 basehttp "GET /media/items/download_1_LZzLFsp.jpg HTTP/1.1" 304 0
INFO 2025-11-08 20:38:12,378 basehttp "GET /media/items/05-14-2021_0937pmeb1e31ea07ee3df7bae7.jpg HTTP/1.1" 304 0
INFO 2025-11-08 20:38:12,379 basehttp "GET /media/items/01-02-2023_1056am633c94419e1a928afebe.jpg HTTP/1.1" 304 0
INFO 2025-11-08 20:38:12,389 basehttp "GET /media/items/01-16-2023_0132pm59c865fa1e50f4cb7c87.jpg HTTP/1.1" 304 0
INFO 2025-11-08 20:38:12,389 basehttp "GET /media/items/01-16-2023_0208pm6d0b095f8960d19a3230.jpg HTTP/1.1" 304 0
INFO 2025-11-08 20:38:12,394 basehttp "GET /media/items/01-18-2023_0934am8cfa36a930657390c98f.jpg HTTP/1.1" 304 0
INFO 2025-11-08 20:38:12,472 basehttp "GET /media/items/03-16-2021_0919pma900d881757fa1900199.jpg HTTP/1.1" 304 0
INFO 2025-11-08 20:38:14,360 basehttp "GET /en/item/219/edit/ HTTP/1.1" 200 15513
INFO 2025-11-08 20:38:21,074 basehttp "POST /en/item/219/edit/ HTTP/1.1" 302 0
INFO 2025-11-08 20:38:21,182 basehttp "GET /en/item/219/ HTTP/1.1" 200 21003
INFO 2025-11-08 20:38:24,671 basehttp "GET /admin/marketplace/item/ HTTP/1.1" 200 55489
INFO 2025-11-08 20:38:24,695 basehttp "GET /admin/jsi18n/ HTTP/1.1" 200 3342
INFO 2025-11-08 20:38:26,096 basehttp "GET /admin/marketplace/item/220/change/ HTTP/1.1" 200 26358
INFO 2025-11-08 20:38:26,117 basehttp "GET /media/items/download_1_Z1IMDmh.jpg HTTP/1.1" 304 0
INFO 2025-11-08 20:38:26,119 basehttp "GET /media/items/download_PizdJHz.jpg HTTP/1.1" 304 0
INFO 2025-11-08 20:38:26,122 basehttp "GET /admin/jsi18n/ HTTP/1.1" 200 3342
INFO 2025-11-08 20:38:26,125 basehttp "GET /media/items/images_Ytvgfm9.jpg HTTP/1.1" 304 0
INFO 2025-11-08 20:38:27,727 basehttp "GET /admin/marketplace/item/220/approve/ HTTP/1.1" 302 0
INFO 2025-11-08 20:38:27,845 basehttp "GET /admin/marketplace/item/ HTTP/1.1" 200 55633
INFO 2025-11-08 20:38:27,866 basehttp "GET /admin/jsi18n/ HTTP/1.1" 200 3342
INFO 2025-11-08 20:38:29,371 basehttp "GET /admin/marketplace/item/219/change/ HTTP/1.1" 200 26350
INFO 2025-11-08 20:38:29,396 basehttp "GET /admin/jsi18n/ HTTP/1.1" 200 3342
INFO 2025-11-08 20:38:30,837 basehttp "GET /admin/marketplace/item/219/approve/ HTTP/1.1" 302 0
INFO 2025-11-08 20:38:30,952 basehttp "GET /admin/marketplace/item/ HTTP/1.1" 200 55633
INFO 2025-11-08 20:38:30,974 basehttp "GET /admin/jsi18n/ HTTP/1.1" 200 3342
INFO 2025-11-08 20:38:33,081 basehttp "GET / HTTP/1.1" 302 0
INFO 2025-11-08 20:38:33,184 basehttp "GET /en/ HTTP/1.1" 200 26217
INFO 2025-11-08 20:38:33,587 basehttp "GET /en/ HTTP/1.1" 200 26217
INFO 2025-11-08 20:38:34,411 basehttp "GET /en/ HTTP/1.1" 200 26217
INFO 2025-11-08 20:38:34,662 basehttp "GET /en/ HTTP/1.1" 200 26217
INFO 2025-11-08 20:38:34,808 basehttp "GET /en/ HTTP/1.1" 200 26217
INFO 2025-11-08 20:38:38,605 basehttp "GET /en/item/220/ HTTP/1.1" 200 16456
INFO 2025-11-08 20:38:40,564 basehttp "GET /en/item/220/edit/ HTTP/1.1" 200 15515
INFO 2025-11-08 20:38:43,051 basehttp "POST /en/item/220/edit/ HTTP/1.1" 302 0
INFO 2025-11-08 20:38:43,108 basehttp "GET /en/item/220/ HTTP/1.1" 200 16609
INFO 2025-11-08 20:38:44,918 basehttp "GET /admin/marketplace/item/ HTTP/1.1" 200 55489
INFO 2025-11-08 20:38:44,937 basehttp "GET /admin/jsi18n/ HTTP/1.1" 200 3342
INFO 2025-11-08 20:38:46,097 basehttp "GET /admin/marketplace/item/220/change/ HTTP/1.1" 200 26358
INFO 2025-11-08 20:38:46,113 basehttp "GET /admin/jsi18n/ HTTP/1.1" 200 3342
INFO 2025-11-08 20:38:48,159 basehttp "GET /admin/marketplace/item/220/approve/ HTTP/1.1" 302 0
INFO 2025-11-08 20:38:48,261 basehttp "GET /admin/marketplace/item/ HTTP/1.1" 200 55633
INFO 2025-11-08 20:38:48,279 basehttp "GET /admin/jsi18n/ HTTP/1.1" 200 3342
INFO 2025-11-08 20:38:52,090 basehttp "GET / HTTP/1.1" 302 0
INFO 2025-11-08 20:38:52,193 basehttp "GET /en/ HTTP/1.1" 200 26219
INFO 2025-11-08 20:38:52,688 basehttp "GET /en/ HTTP/1.1" 200 26219
INFO 2025-11-08 20:39:23,075 basehttp "GET /en/notifications/ HTTP/1.1" 200 21128
INFO 2025-11-08 21:05:07,540 basehttp "GET /admin/marketplace/item/ HTTP/1.1" 200 55489
INFO 2025-11-08 21:05:07,556 basehttp "GET /admin/jsi18n/ HTTP/1.1" 200 3342
